11:19:46 INFO  : Registering command handlers for SDK TCF services
11:19:47 INFO  : Launching XSCT server: xsct.bat -interactive C:\Users\sudee\OneDrive\Desktop\Intern\QCQE_Implement\ISA05\temp_xsdb_launch_script.tcl
11:19:50 INFO  : XSCT server has started successfully.
11:19:50 INFO  : Successfully done setting XSCT server connection channel  
11:19:54 INFO  : Successfully done setting SDK workspace  
11:18:52 INFO  : Registering command handlers for SDK TCF services
11:18:53 INFO  : Launching XSCT server: xsct.bat -interactive C:\Users\sudee\OneDrive\Desktop\Intern\QCQE_Implement\ISA05\temp_xsdb_launch_script.tcl
11:18:56 INFO  : XSCT server has started successfully.
11:18:56 INFO  : Successfully done setting XSCT server connection channel  
11:18:59 INFO  : Successfully done setting SDK workspace  
08:46:09 INFO  : Registering command handlers for SDK TCF services
08:46:10 INFO  : Launching XSCT server: xsct.bat -interactive C:\Users\sudee\OneDrive\Desktop\Intern\QCQE_Implement\ISA05\temp_xsdb_launch_script.tcl
08:46:12 INFO  : XSCT server has started successfully.
08:46:12 INFO  : Successfully done setting XSCT server connection channel  
08:46:12 INFO  : Successfully done setting SDK workspace  
09:43:45 INFO  : Registering command handlers for SDK TCF services
09:43:45 INFO  : Launching XSCT server: xsct.bat -interactive C:\Users\sudee\OneDrive\Desktop\Intern\QCQE_Implement\ISA05\temp_xsdb_launch_script.tcl
09:43:47 INFO  : XSCT server has started successfully.
09:43:47 INFO  : Successfully done setting XSCT server connection channel  
09:43:47 INFO  : Successfully done setting SDK workspace  
09:46:02 INFO  : Connected to target on host '127.0.0.1' and port '3121'.
09:46:02 INFO  : Jtag cable 'Digilent Zed 210248A49790' is selected.
09:46:02 INFO  : 'jtag frequency' command is executed.
09:46:02 INFO  : Sourcing of 'C:/Users/sudee/OneDrive/Desktop/Intern/QCQE_Implement/ISA05/ZC702_hw_platform/ps7_init.tcl' is done.
09:46:02 INFO  : Context for 'APU' is selected.
09:46:02 INFO  : Hardware design information is loaded from 'C:/Users/sudee/OneDrive/Desktop/Intern/QCQE_Implement/ISA05/ZC702_hw_platform/system.hdf'.
09:46:02 INFO  : 'configparams force-mem-access 1' command is executed.
09:46:02 INFO  : Context for 'APU' is selected.
09:46:03 INFO  : 'stop' command is executed.
09:46:03 INFO  : 'ps7_init' command is executed.
09:46:03 INFO  : 'ps7_post_config' command is executed.
09:46:03 INFO  : Context for processor 'ps7_cortexa9_0' is selected.
09:46:03 INFO  : Processor reset is completed for 'ps7_cortexa9_0'.
09:46:03 INFO  : Context for processor 'ps7_cortexa9_0' is selected.
09:46:03 INFO  : The application 'C:/Users/sudee/OneDrive/Desktop/Intern/QCQE_Implement/ISA05/pauli_y_gate/Debug/pauli_y_gate.elf' is downloaded to processor 'ps7_cortexa9_0'.
09:46:03 INFO  : 'configparams force-mem-access 0' command is executed.
09:46:03 INFO  : ----------------XSDB Script----------------
connect -url tcp:127.0.0.1:3121
source C:/Users/sudee/OneDrive/Desktop/Intern/QCQE_Implement/ISA05/ZC702_hw_platform/ps7_init.tcl
targets -set -nocase -filter {name =~"APU*" && jtag_cable_name =~ "Digilent Zed 210248A49790"} -index 0
loadhw -hw C:/Users/sudee/OneDrive/Desktop/Intern/QCQE_Implement/ISA05/ZC702_hw_platform/system.hdf -mem-ranges [list {0x40000000 0xbfffffff}]
configparams force-mem-access 1
targets -set -nocase -filter {name =~"APU*" && jtag_cable_name =~ "Digilent Zed 210248A49790"} -index 0
stop
ps7_init
ps7_post_config
targets -set -nocase -filter {name =~ "ARM*#0" && jtag_cable_name =~ "Digilent Zed 210248A49790"} -index 0
rst -processor
targets -set -nocase -filter {name =~ "ARM*#0" && jtag_cable_name =~ "Digilent Zed 210248A49790"} -index 0
dow C:/Users/sudee/OneDrive/Desktop/Intern/QCQE_Implement/ISA05/pauli_y_gate/Debug/pauli_y_gate.elf
configparams force-mem-access 0
----------------End of Script----------------

09:46:03 INFO  : Context for processor 'ps7_cortexa9_0' is selected.
09:46:03 INFO  : 'con' command is executed.
09:46:03 INFO  : ----------------XSDB Script (After Launch)----------------
targets -set -nocase -filter {name =~ "ARM*#0" && jtag_cable_name =~ "Digilent Zed 210248A49790"} -index 0
con
----------------End of Script----------------

09:46:03 INFO  : Disconnected from the channel tcfchan#1.
09:46:35 INFO  : Connected to target on host '127.0.0.1' and port '3121'.
09:46:35 INFO  : Jtag cable 'Digilent Zed 210248A49790' is selected.
09:46:35 INFO  : 'jtag frequency' command is executed.
09:46:35 INFO  : Sourcing of 'C:/Users/sudee/OneDrive/Desktop/Intern/QCQE_Implement/ISA05/ZC702_hw_platform/ps7_init.tcl' is done.
09:46:35 INFO  : Context for 'APU' is selected.
09:46:37 INFO  : Hardware design information is loaded from 'C:/Users/sudee/OneDrive/Desktop/Intern/QCQE_Implement/ISA05/ZC702_hw_platform/system.hdf'.
09:46:37 INFO  : 'configparams force-mem-access 1' command is executed.
09:46:37 INFO  : Context for 'APU' is selected.
09:46:37 INFO  : 'stop' command is executed.
09:46:37 INFO  : 'ps7_init' command is executed.
09:46:37 INFO  : 'ps7_post_config' command is executed.
09:46:37 INFO  : Context for processor 'ps7_cortexa9_0' is selected.
09:46:37 INFO  : Processor reset is completed for 'ps7_cortexa9_0'.
09:46:37 INFO  : Context for processor 'ps7_cortexa9_0' is selected.
09:46:37 INFO  : The application 'C:/Users/sudee/OneDrive/Desktop/Intern/QCQE_Implement/ISA05/pauli_y_gate/Debug/pauli_y_gate.elf' is downloaded to processor 'ps7_cortexa9_0'.
09:46:37 INFO  : 'configparams force-mem-access 0' command is executed.
09:46:37 INFO  : ----------------XSDB Script----------------
connect -url tcp:127.0.0.1:3121
source C:/Users/sudee/OneDrive/Desktop/Intern/QCQE_Implement/ISA05/ZC702_hw_platform/ps7_init.tcl
targets -set -nocase -filter {name =~"APU*" && jtag_cable_name =~ "Digilent Zed 210248A49790"} -index 0
loadhw -hw C:/Users/sudee/OneDrive/Desktop/Intern/QCQE_Implement/ISA05/ZC702_hw_platform/system.hdf -mem-ranges [list {0x40000000 0xbfffffff}]
configparams force-mem-access 1
targets -set -nocase -filter {name =~"APU*" && jtag_cable_name =~ "Digilent Zed 210248A49790"} -index 0
stop
ps7_init
ps7_post_config
targets -set -nocase -filter {name =~ "ARM*#0" && jtag_cable_name =~ "Digilent Zed 210248A49790"} -index 0
rst -processor
targets -set -nocase -filter {name =~ "ARM*#0" && jtag_cable_name =~ "Digilent Zed 210248A49790"} -index 0
dow C:/Users/sudee/OneDrive/Desktop/Intern/QCQE_Implement/ISA05/pauli_y_gate/Debug/pauli_y_gate.elf
configparams force-mem-access 0
----------------End of Script----------------

09:46:37 INFO  : Context for processor 'ps7_cortexa9_0' is selected.
09:46:37 INFO  : 'con' command is executed.
09:46:37 INFO  : ----------------XSDB Script (After Launch)----------------
targets -set -nocase -filter {name =~ "ARM*#0" && jtag_cable_name =~ "Digilent Zed 210248A49790"} -index 0
con
----------------End of Script----------------

09:46:37 INFO  : Disconnected from the channel tcfchan#2.
09:50:28 INFO  : Connected to target on host '127.0.0.1' and port '3121'.
09:50:29 INFO  : Jtag cable 'Digilent Zed 210248A49790' is selected.
09:50:29 INFO  : 'jtag frequency' command is executed.
09:50:29 INFO  : Sourcing of 'C:/Users/sudee/OneDrive/Desktop/Intern/QCQE_Implement/ISA05/ZC702_hw_platform/ps7_init.tcl' is done.
09:50:29 INFO  : Context for 'APU' is selected.
09:50:30 INFO  : Hardware design information is loaded from 'C:/Users/sudee/OneDrive/Desktop/Intern/QCQE_Implement/ISA05/ZC702_hw_platform/system.hdf'.
09:50:30 INFO  : 'configparams force-mem-access 1' command is executed.
09:50:30 INFO  : Context for 'APU' is selected.
09:50:30 INFO  : 'stop' command is executed.
09:50:30 INFO  : 'ps7_init' command is executed.
09:50:30 INFO  : 'ps7_post_config' command is executed.
09:50:30 INFO  : Context for processor 'ps7_cortexa9_0' is selected.
09:50:30 INFO  : Processor reset is completed for 'ps7_cortexa9_0'.
09:50:30 INFO  : Context for processor 'ps7_cortexa9_0' is selected.
09:50:30 INFO  : The application 'C:/Users/sudee/OneDrive/Desktop/Intern/QCQE_Implement/ISA05/pauli_y_gate/Debug/pauli_y_gate.elf' is downloaded to processor 'ps7_cortexa9_0'.
09:50:30 INFO  : 'configparams force-mem-access 0' command is executed.
09:50:30 INFO  : ----------------XSDB Script----------------
connect -url tcp:127.0.0.1:3121
source C:/Users/sudee/OneDrive/Desktop/Intern/QCQE_Implement/ISA05/ZC702_hw_platform/ps7_init.tcl
targets -set -nocase -filter {name =~"APU*" && jtag_cable_name =~ "Digilent Zed 210248A49790"} -index 0
loadhw -hw C:/Users/sudee/OneDrive/Desktop/Intern/QCQE_Implement/ISA05/ZC702_hw_platform/system.hdf -mem-ranges [list {0x40000000 0xbfffffff}]
configparams force-mem-access 1
targets -set -nocase -filter {name =~"APU*" && jtag_cable_name =~ "Digilent Zed 210248A49790"} -index 0
stop
ps7_init
ps7_post_config
targets -set -nocase -filter {name =~ "ARM*#0" && jtag_cable_name =~ "Digilent Zed 210248A49790"} -index 0
rst -processor
targets -set -nocase -filter {name =~ "ARM*#0" && jtag_cable_name =~ "Digilent Zed 210248A49790"} -index 0
dow C:/Users/sudee/OneDrive/Desktop/Intern/QCQE_Implement/ISA05/pauli_y_gate/Debug/pauli_y_gate.elf
configparams force-mem-access 0
----------------End of Script----------------

09:50:31 INFO  : Context for processor 'ps7_cortexa9_0' is selected.
09:50:31 INFO  : 'con' command is executed.
09:50:31 INFO  : ----------------XSDB Script (After Launch)----------------
targets -set -nocase -filter {name =~ "ARM*#0" && jtag_cable_name =~ "Digilent Zed 210248A49790"} -index 0
con
----------------End of Script----------------

09:50:31 INFO  : Disconnected from the channel tcfchan#3.
09:50:56 INFO  : Connected to target on host '127.0.0.1' and port '3121'.
09:50:56 INFO  : Jtag cable 'Digilent Zed 210248A49790' is selected.
09:50:56 INFO  : 'jtag frequency' command is executed.
09:50:56 INFO  : Sourcing of 'C:/Users/sudee/OneDrive/Desktop/Intern/QCQE_Implement/ISA05/ZC702_hw_platform/ps7_init.tcl' is done.
09:50:56 INFO  : Context for 'APU' is selected.
09:50:57 INFO  : Hardware design information is loaded from 'C:/Users/sudee/OneDrive/Desktop/Intern/QCQE_Implement/ISA05/ZC702_hw_platform/system.hdf'.
09:50:57 INFO  : 'configparams force-mem-access 1' command is executed.
09:50:57 INFO  : Context for 'APU' is selected.
09:50:57 INFO  : 'stop' command is executed.
09:50:58 INFO  : 'ps7_init' command is executed.
09:50:58 INFO  : 'ps7_post_config' command is executed.
09:50:58 INFO  : Context for processor 'ps7_cortexa9_0' is selected.
09:50:58 INFO  : Processor reset is completed for 'ps7_cortexa9_0'.
09:50:58 INFO  : Context for processor 'ps7_cortexa9_0' is selected.
09:50:58 INFO  : The application 'C:/Users/sudee/OneDrive/Desktop/Intern/QCQE_Implement/ISA05/pauli_y_gate/Debug/pauli_y_gate.elf' is downloaded to processor 'ps7_cortexa9_0'.
09:50:58 INFO  : 'configparams force-mem-access 0' command is executed.
09:50:58 INFO  : ----------------XSDB Script----------------
connect -url tcp:127.0.0.1:3121
source C:/Users/sudee/OneDrive/Desktop/Intern/QCQE_Implement/ISA05/ZC702_hw_platform/ps7_init.tcl
targets -set -nocase -filter {name =~"APU*" && jtag_cable_name =~ "Digilent Zed 210248A49790"} -index 0
loadhw -hw C:/Users/sudee/OneDrive/Desktop/Intern/QCQE_Implement/ISA05/ZC702_hw_platform/system.hdf -mem-ranges [list {0x40000000 0xbfffffff}]
configparams force-mem-access 1
targets -set -nocase -filter {name =~"APU*" && jtag_cable_name =~ "Digilent Zed 210248A49790"} -index 0
stop
ps7_init
ps7_post_config
targets -set -nocase -filter {name =~ "ARM*#0" && jtag_cable_name =~ "Digilent Zed 210248A49790"} -index 0
rst -processor
targets -set -nocase -filter {name =~ "ARM*#0" && jtag_cable_name =~ "Digilent Zed 210248A49790"} -index 0
dow C:/Users/sudee/OneDrive/Desktop/Intern/QCQE_Implement/ISA05/pauli_y_gate/Debug/pauli_y_gate.elf
configparams force-mem-access 0
----------------End of Script----------------

09:50:58 INFO  : Context for processor 'ps7_cortexa9_0' is selected.
09:50:58 INFO  : 'con' command is executed.
09:50:58 INFO  : ----------------XSDB Script (After Launch)----------------
targets -set -nocase -filter {name =~ "ARM*#0" && jtag_cable_name =~ "Digilent Zed 210248A49790"} -index 0
con
----------------End of Script----------------

09:50:58 INFO  : Disconnected from the channel tcfchan#4.
10:05:18 INFO  : Registering command handlers for SDK TCF services
10:05:18 INFO  : Launching XSCT server: xsct.bat -interactive C:\Users\sudee\OneDrive\Desktop\Intern\QCQE_Implement\ISA05\temp_xsdb_launch_script.tcl
10:05:20 INFO  : XSCT server has started successfully.
10:05:22 INFO  : Successfully done setting XSCT server connection channel  
10:05:22 INFO  : Successfully done setting SDK workspace  
10:07:37 INFO  : Connected to target on host '127.0.0.1' and port '3121'.
10:07:37 INFO  : Jtag cable 'Digilent Zed 210248A49790' is selected.
10:07:37 INFO  : 'jtag frequency' command is executed.
10:07:37 INFO  : Sourcing of 'C:/Users/sudee/OneDrive/Desktop/Intern/QCQE_Implement/ISA05/ZC702_hw_platform/ps7_init.tcl' is done.
10:07:37 INFO  : Context for 'APU' is selected.
10:07:38 INFO  : Hardware design information is loaded from 'C:/Users/sudee/OneDrive/Desktop/Intern/QCQE_Implement/ISA05/ZC702_hw_platform/system.hdf'.
10:07:38 INFO  : 'configparams force-mem-access 1' command is executed.
10:07:38 INFO  : Context for 'APU' is selected.
10:07:38 INFO  : 'stop' command is executed.
10:07:38 INFO  : 'ps7_init' command is executed.
10:07:38 INFO  : 'ps7_post_config' command is executed.
10:07:38 INFO  : Context for processor 'ps7_cortexa9_0' is selected.
10:07:38 INFO  : Processor reset is completed for 'ps7_cortexa9_0'.
10:07:38 INFO  : Context for processor 'ps7_cortexa9_0' is selected.
10:07:38 INFO  : The application 'C:/Users/sudee/OneDrive/Desktop/Intern/QCQE_Implement/ISA05/pauli_y_gate/Debug/pauli_y_gate.elf' is downloaded to processor 'ps7_cortexa9_0'.
10:07:38 INFO  : 'configparams force-mem-access 0' command is executed.
10:07:38 INFO  : ----------------XSDB Script----------------
connect -url tcp:127.0.0.1:3121
source C:/Users/sudee/OneDrive/Desktop/Intern/QCQE_Implement/ISA05/ZC702_hw_platform/ps7_init.tcl
targets -set -nocase -filter {name =~"APU*" && jtag_cable_name =~ "Digilent Zed 210248A49790"} -index 0
loadhw -hw C:/Users/sudee/OneDrive/Desktop/Intern/QCQE_Implement/ISA05/ZC702_hw_platform/system.hdf -mem-ranges [list {0x40000000 0xbfffffff}]
configparams force-mem-access 1
targets -set -nocase -filter {name =~"APU*" && jtag_cable_name =~ "Digilent Zed 210248A49790"} -index 0
stop
ps7_init
ps7_post_config
targets -set -nocase -filter {name =~ "ARM*#0" && jtag_cable_name =~ "Digilent Zed 210248A49790"} -index 0
rst -processor
targets -set -nocase -filter {name =~ "ARM*#0" && jtag_cable_name =~ "Digilent Zed 210248A49790"} -index 0
dow C:/Users/sudee/OneDrive/Desktop/Intern/QCQE_Implement/ISA05/pauli_y_gate/Debug/pauli_y_gate.elf
configparams force-mem-access 0
----------------End of Script----------------

10:07:38 INFO  : Context for processor 'ps7_cortexa9_0' is selected.
10:07:38 INFO  : 'con' command is executed.
10:07:38 INFO  : ----------------XSDB Script (After Launch)----------------
targets -set -nocase -filter {name =~ "ARM*#0" && jtag_cable_name =~ "Digilent Zed 210248A49790"} -index 0
con
----------------End of Script----------------

10:07:38 INFO  : Launch script is exported to file 'C:\Users\sudee\OneDrive\Desktop\Intern\QCQE_Implement\ISA05\.sdk\launch_scripts\xilinx_c-c++_application_(system_debugger)\system_debugger_using_debug_pauli_y_gate.elf_on_local.tcl'
10:08:36 INFO  : Disconnected from the channel tcfchan#1.
10:08:37 INFO  : Connected to target on host '127.0.0.1' and port '3121'.
10:08:37 INFO  : Jtag cable 'Digilent Zed 210248A49790' is selected.
10:08:37 INFO  : 'jtag frequency' command is executed.
10:08:37 INFO  : Sourcing of 'C:/Users/sudee/OneDrive/Desktop/Intern/QCQE_Implement/ISA05/ZC702_hw_platform/ps7_init.tcl' is done.
10:08:37 INFO  : Context for 'APU' is selected.
10:08:39 INFO  : Hardware design information is loaded from 'C:/Users/sudee/OneDrive/Desktop/Intern/QCQE_Implement/ISA05/ZC702_hw_platform/system.hdf'.
10:08:39 INFO  : 'configparams force-mem-access 1' command is executed.
10:08:39 INFO  : Context for 'APU' is selected.
10:08:39 INFO  : 'stop' command is executed.
10:08:39 INFO  : 'ps7_init' command is executed.
10:08:39 INFO  : 'ps7_post_config' command is executed.
10:08:39 INFO  : Context for processor 'ps7_cortexa9_0' is selected.
10:08:39 INFO  : Processor reset is completed for 'ps7_cortexa9_0'.
10:08:39 INFO  : Context for processor 'ps7_cortexa9_0' is selected.
10:08:40 INFO  : The application 'C:/Users/sudee/OneDrive/Desktop/Intern/QCQE_Implement/ISA05/pauli_y_gate/Debug/pauli_y_gate.elf' is downloaded to processor 'ps7_cortexa9_0'.
10:08:40 INFO  : 'configparams force-mem-access 0' command is executed.
10:08:40 INFO  : ----------------XSDB Script----------------
connect -url tcp:127.0.0.1:3121
source C:/Users/sudee/OneDrive/Desktop/Intern/QCQE_Implement/ISA05/ZC702_hw_platform/ps7_init.tcl
targets -set -nocase -filter {name =~"APU*" && jtag_cable_name =~ "Digilent Zed 210248A49790"} -index 0
loadhw -hw C:/Users/sudee/OneDrive/Desktop/Intern/QCQE_Implement/ISA05/ZC702_hw_platform/system.hdf -mem-ranges [list {0x40000000 0xbfffffff}]
configparams force-mem-access 1
targets -set -nocase -filter {name =~"APU*" && jtag_cable_name =~ "Digilent Zed 210248A49790"} -index 0
stop
ps7_init
ps7_post_config
targets -set -nocase -filter {name =~ "ARM*#0" && jtag_cable_name =~ "Digilent Zed 210248A49790"} -index 0
rst -processor
targets -set -nocase -filter {name =~ "ARM*#0" && jtag_cable_name =~ "Digilent Zed 210248A49790"} -index 0
dow C:/Users/sudee/OneDrive/Desktop/Intern/QCQE_Implement/ISA05/pauli_y_gate/Debug/pauli_y_gate.elf
configparams force-mem-access 0
----------------End of Script----------------

10:08:40 INFO  : Context for processor 'ps7_cortexa9_0' is selected.
10:08:40 INFO  : 'con' command is executed.
10:08:40 INFO  : ----------------XSDB Script (After Launch)----------------
targets -set -nocase -filter {name =~ "ARM*#0" && jtag_cable_name =~ "Digilent Zed 210248A49790"} -index 0
con
----------------End of Script----------------

10:08:40 INFO  : Launch script is exported to file 'C:\Users\sudee\OneDrive\Desktop\Intern\QCQE_Implement\ISA05\.sdk\launch_scripts\xilinx_c-c++_application_(system_debugger)\system_debugger_using_debug_pauli_y_gate.elf_on_local.tcl'
10:13:07 INFO  : Disconnected from the channel tcfchan#2.
10:13:08 INFO  : Connected to target on host '127.0.0.1' and port '3121'.
10:13:09 INFO  : Jtag cable 'Digilent Zed 210248A49790' is selected.
10:13:09 INFO  : 'jtag frequency' command is executed.
10:13:09 INFO  : Sourcing of 'C:/Users/sudee/OneDrive/Desktop/Intern/QCQE_Implement/ISA05/ZC702_hw_platform/ps7_init.tcl' is done.
10:13:09 INFO  : Context for 'APU' is selected.
10:13:10 INFO  : Hardware design information is loaded from 'C:/Users/sudee/OneDrive/Desktop/Intern/QCQE_Implement/ISA05/ZC702_hw_platform/system.hdf'.
10:13:10 INFO  : 'configparams force-mem-access 1' command is executed.
10:13:10 INFO  : Context for 'APU' is selected.
10:13:10 INFO  : 'stop' command is executed.
10:13:10 INFO  : 'ps7_init' command is executed.
10:13:10 INFO  : 'ps7_post_config' command is executed.
10:13:10 INFO  : Context for processor 'ps7_cortexa9_0' is selected.
10:13:10 INFO  : Processor reset is completed for 'ps7_cortexa9_0'.
10:13:10 INFO  : Context for processor 'ps7_cortexa9_0' is selected.
10:13:11 INFO  : The application 'C:/Users/sudee/OneDrive/Desktop/Intern/QCQE_Implement/ISA05/pauli_y_gate/Debug/pauli_y_gate.elf' is downloaded to processor 'ps7_cortexa9_0'.
10:13:11 INFO  : 'configparams force-mem-access 0' command is executed.
10:13:11 INFO  : ----------------XSDB Script----------------
connect -url tcp:127.0.0.1:3121
source C:/Users/sudee/OneDrive/Desktop/Intern/QCQE_Implement/ISA05/ZC702_hw_platform/ps7_init.tcl
targets -set -nocase -filter {name =~"APU*" && jtag_cable_name =~ "Digilent Zed 210248A49790"} -index 0
loadhw -hw C:/Users/sudee/OneDrive/Desktop/Intern/QCQE_Implement/ISA05/ZC702_hw_platform/system.hdf -mem-ranges [list {0x40000000 0xbfffffff}]
configparams force-mem-access 1
targets -set -nocase -filter {name =~"APU*" && jtag_cable_name =~ "Digilent Zed 210248A49790"} -index 0
stop
ps7_init
ps7_post_config
targets -set -nocase -filter {name =~ "ARM*#0" && jtag_cable_name =~ "Digilent Zed 210248A49790"} -index 0
rst -processor
targets -set -nocase -filter {name =~ "ARM*#0" && jtag_cable_name =~ "Digilent Zed 210248A49790"} -index 0
dow C:/Users/sudee/OneDrive/Desktop/Intern/QCQE_Implement/ISA05/pauli_y_gate/Debug/pauli_y_gate.elf
configparams force-mem-access 0
----------------End of Script----------------

10:13:11 INFO  : Context for processor 'ps7_cortexa9_0' is selected.
10:13:11 INFO  : 'con' command is executed.
10:13:11 INFO  : ----------------XSDB Script (After Launch)----------------
targets -set -nocase -filter {name =~ "ARM*#0" && jtag_cable_name =~ "Digilent Zed 210248A49790"} -index 0
con
----------------End of Script----------------

10:13:11 INFO  : Launch script is exported to file 'C:\Users\sudee\OneDrive\Desktop\Intern\QCQE_Implement\ISA05\.sdk\launch_scripts\performance_analysis\performance_analysis_using_debug_pauli_y_gate.elf_on_local.tcl'
10:13:11 INFO  : Apm configuration has been updated and stored to 'C:\Users\sudee\OneDrive\Desktop\Intern\QCQE_Implement\ISA05\ZC702_hw_platform\apmconfigs\apm_default.json' for the project 'ZC702_hw_platform'
10:13:12 INFO  : Performance data for 'PS' will be exported to the file 'C:\Users\sudee\OneDrive\Desktop\Intern\QCQE_Implement\ISA05\ZC702_hw_platform_Traces\Traces\Run_Nov-30_10-13\PS_Trace_Nov-30_10-13\trace'
10:13:12 INFO  : Created tracing project 'ZC702_hw_platform_Traces'
10:13:12 INFO  : Added tracing folder 'C:\Users\sudee\OneDrive\Desktop\Intern\QCQE_Implement\ISA05\ZC702_hw_platform_Traces\Traces\Run_Nov-30_10-13\PS_Trace_Nov-30_10-13' into  'ZC702_hw_platform_Traces'
10:13:12 INFO  : Attempting to open tracing file 'PS_Trace_Nov-30_10-13'
10:13:31 INFO  : Performance data for 'PS' has been exported to the file 'C:\Users\sudee\OneDrive\Desktop\Intern\QCQE_Implement\ISA05\ZC702_hw_platform_Traces\Traces\Run_Nov-30_10-13\PS_Trace_Nov-30_10-13\trace'
10:13:31 INFO  : Disconnected from the channel tcfchan#3.
19:23:21 INFO  : Registering command handlers for SDK TCF services
19:23:22 INFO  : Launching XSCT server: xsct.bat -interactive C:\Users\sudee\OneDrive\Desktop\Intern\QCQE_Implement\ISA05\temp_xsdb_launch_script.tcl
19:23:25 INFO  : XSCT server has started successfully.
19:23:25 INFO  : Successfully done setting XSCT server connection channel  
19:23:27 INFO  : Successfully done setting SDK workspace  
